[35m[Appium][39m Welcome to Appium v1.9.1
[35m[Appium][39m Non-default server args:
[35m[Appium][39m   port: 8798
[35m[Appium][39m   bootstrapPort: 5941
[35m[Appium][39m Appium REST http interface listener started on 0.0.0.0:8798
[35m[HTTP][39m [37m-->[39m [37mPOST[39m [37m/wd/hub/session[39m
[35m[HTTP][39m [90m{"capabilities":{"firstMatch":[{}],"alwaysMatch":{"platformName":"Android"}},"desiredCapabilities":{"deviceName":"emulator-5554","platformName":"Android","platformVersion":"","appPackage":"com.ushaqi.zhuishushenqi","appActivity":"com.ushaqi.zhuishushenqi.ui.SplashActivity","udid":"emulator-5554","unicodeKeyboard":"True","resetKeyboard":"True","app":"/Users/steel/Downloads/zssq-Meizu-3230-1017.apk"}}[39m
[debug] [35m[W3C][39m Calling AppiumDriver.createSession() with args: [{"deviceName":"emulator-5554","platformName":"Android","platformVersion":"","appPackage":"com.ushaqi.zhuishushenqi","appActivity":"com.ushaqi.zhuishushenqi.ui.SplashActivity","udid":"emulator-5554","unicodeKeyboard":"True","resetKeyboard":"True","app":"/Users/steel/Downloads/zssq-Meizu-3230-1017.apk"},null,{"firstMatch":[{}],"alwaysMatch":{"platformName":"Android"}}]
[debug] [35m[BaseDriver][39m Event 'newSessionRequested' logged at 1539791439683 (23:50:39 GMT+0800 (GMT+08:00))
[35m[Appium][39m Could not parse W3C capabilities: 'deviceName' can't be blank
[35m[Appium][39m Trying to fix W3C capabilities by merging them with JSONWP caps
[35m[BaseDriver][39m The capabilities ["deviceName","platformVersion","appPackage","appActivity","udid","unicodeKeyboard","resetKeyboard","app"] are not standard capabilities and should have an extension prefix
[35m[Appium][39m Creating new AndroidDriver (v4.1.1) session
[35m[Appium][39m Capabilities:
[35m[Appium][39m   platformName: Android
[35m[Appium][39m   deviceName: emulator-5554
[35m[Appium][39m   platformVersion: 
[35m[Appium][39m   appPackage: com.ushaqi.zhuishushenqi
[35m[Appium][39m   appActivity: com.ushaqi.zhuishushenqi.ui.SplashActivity
[35m[Appium][39m   udid: emulator-5554
[35m[Appium][39m   unicodeKeyboard: True
[35m[Appium][39m   resetKeyboard: True
[35m[Appium][39m   app: /Users/steel/Downloads/zssq-Meizu-3230-1017.apk
[debug] [35m[BaseDriver][39m W3C capabilities {"alwaysMatch":{"platformNa... and MJSONWP desired capabilities {"deviceName":"emulator-555... were provided
[debug] [35m[BaseDriver][39m Creating session with W3C capabilities: {"alwaysMatch":{"platformNa...
[35m[BaseDriver][39m Boolean capability passed in as string. Functionality may be compromised.
[35m[BaseDriver][39m Boolean capability passed in as string. Functionality may be compromised.
[35m[BaseDriver][39m Capability 'unicodeKeyboard' changed from string to boolean. This may cause unexpected behavior
[35m[BaseDriver][39m Capability 'resetKeyboard' changed from string to boolean. This may cause unexpected behavior
[35m[BaseDriver][39m Session created with session id: f8fe8782-2914-4506-bd86-47edae8159f3
[35m[AndroidDriver][39m Java version is: 1.8.0_91
[35m[ADB][39m Checking whether adb is present
[35m[ADB][39m The ANDROID_HOME environment variable is not set to the Android SDK root directory path. ANDROID_HOME is required for compatibility with SDK 23+. Checking along PATH for adb.
[debug] [35m[AndroidDriver][39m Shutting down Android driver
[debug] [35m[AndroidDriver][39m Called deleteSession but bootstrap wasn't active
[debug] [35m[BaseDriver][39m Event 'newSessionStarted' logged at 1539791439998 (23:50:39 GMT+0800 (GMT+08:00))
[debug] [35m[W3C][39m Encountered internal error running command: Error: Could not find adb Please set the ANDROID_HOME environment variable with the Android SDK root directory path.
[debug] [35m[W3C][39m     at ADB.callee$0$0$ (/usr/local/lib/node_modules/appium/node_modules/appium-adb/lib/tools/system-calls.js:132:11)
[debug] [35m[W3C][39m     at tryCatch (/usr/local/lib/node_modules/appium/node_modules/babel-runtime/regenerator/runtime.js:67:40)
[debug] [35m[W3C][39m     at GeneratorFunctionPrototype.invoke [as _invoke] (/usr/local/lib/node_modules/appium/node_modules/babel-runtime/regenerator/runtime.js:315:22)
[debug] [35m[W3C][39m     at GeneratorFunctionPrototype.prototype.(anonymous function) [as throw] (/usr/local/lib/node_modules/appium/node_modules/babel-runtime/regenerator/runtime.js:100:21)
[debug] [35m[W3C][39m     at GeneratorFunctionPrototype.invoke (/usr/local/lib/node_modules/appium/node_modules/babel-runtime/regenerator/runtime.js:136:37)
[35m[HTTP][39m [37m<-- POST /wd/hub/session [39m[31m500[39m [90m347 ms - 1281[39m
[35m[HTTP][39m [90m[39m
